<?xml version="1.0"?>
<testsuite name="PhantomJS 2.1.1 (Linux 0.0.0)" package="" timestamp="2016-11-02T12:53:14" id="0" hostname="snovakovic-desktop" tests="18" errors="0" failures="0" time="0.346">
  <properties>
    <property name="browser.fullName" value="Mozilla/5.0 (Unknown; Linux x86_64) AppleWebKit/538.1 (KHTML, like Gecko) PhantomJS/2.1.1 Safari/538.1"/>
  </properties>
  <testcase name="sn.array each should loop correctly" time="0.083" classname="sn.array"/>
  <testcase name="sn.array iterate should iterate correctly" time="0.084" classname="sn.array"/>
  <testcase name="sn.array remove should remove items correctly" time="0.012" classname="sn.array"/>
  <testcase name="sn.array shuffle should shuffle array" time="0.011" classname="sn.array"/>
  <testcase name="sn.array getFilledArray should returned filled array" time="0.011" classname="sn.array"/>
  <testcase name="sn.array unique should return unique values" time="0.012" classname="sn.array"/>
  <testcase name="sn.array first should return first array value" time="0.011" classname="sn.array"/>
  <testcase name="sn.array last should return last array value" time="0.011" classname="sn.array"/>
  <testcase name="sn.array stack should operate with stack correctly" time="0.009" classname="sn.array"/>
  <testcase name="sn.array stack should operate with default stack correctly" time="0.012" classname="sn.array"/>
  <testcase name="sn.array stack stack arrays should operate independently" time="0.009" classname="sn.array"/>
  <testcase name="sn.array stack add multiple values should work as expected" time="0.012" classname="sn.array"/>
  <testcase name="sn.array stack readme example should be correct" time="0.011" classname="sn.array"/>
  <testcase name="sn.array queue should operate with queue correctly" time="0.012" classname="sn.array"/>
  <testcase name="sn.array queue should operate with default queue correctly" time="0.011" classname="sn.array"/>
  <testcase name="sn.array queue queue arrays should operate independently" time="0.013" classname="sn.array"/>
  <testcase name="sn.array queue add multiple values should work as expected" time="0.011" classname="sn.array"/>
  <testcase name="sn.array queue readme example should be correct" time="0.011" classname="sn.array"/>
  <system-out>
    <![CDATA[
]]>
  </system-out>
  <system-err/>
</testsuite>